0 info it worked if it ends with ok
1 verbose cli [ 'node', '/usr/local/bin/npm', 'install', '-g', 'watch-lessc' ]
2 info using npm@1.4.28
3 info using node@v0.10.33
4 verbose cache add [ 'watch-lessc', null ]
5 verbose cache add name=undefined spec="watch-lessc" args=["watch-lessc",null]
6 verbose parsed url { protocol: null,
6 verbose parsed url   slashes: null,
6 verbose parsed url   auth: null,
6 verbose parsed url   host: null,
6 verbose parsed url   port: null,
6 verbose parsed url   hostname: null,
6 verbose parsed url   hash: null,
6 verbose parsed url   search: null,
6 verbose parsed url   query: null,
6 verbose parsed url   pathname: 'watch-lessc',
6 verbose parsed url   path: 'watch-lessc',
6 verbose parsed url   href: 'watch-lessc' }
7 silly lockFile 490015e7-watch-lessc watch-lessc
8 verbose lock watch-lessc /Users/martin/.npm/490015e7-watch-lessc.lock
9 silly lockFile 490015e7-watch-lessc watch-lessc
10 silly lockFile 490015e7-watch-lessc watch-lessc
11 verbose addNamed [ 'watch-lessc', '' ]
12 verbose addNamed [ null, '*' ]
13 silly lockFile 281ce2a5-watch-lessc watch-lessc@
14 verbose lock watch-lessc@ /Users/martin/.npm/281ce2a5-watch-lessc.lock
15 silly addNameRange { name: 'watch-lessc', range: '*', hasData: false }
16 verbose request where is /watch-lessc
17 verbose request registry https://registry.npmjs.org/
18 verbose request id ee0ab678754a0b73
19 verbose url raw /watch-lessc
20 verbose url resolving [ 'https://registry.npmjs.org/', './watch-lessc' ]
21 verbose url resolved https://registry.npmjs.org/watch-lessc
22 verbose request where is https://registry.npmjs.org/watch-lessc
23 info trying registry request attempt 1 at 16:46:16
24 http GET https://registry.npmjs.org/watch-lessc
25 http 200 https://registry.npmjs.org/watch-lessc
26 silly registry.get cb [ 200,
26 silly registry.get   { date: 'Wed, 10 Dec 2014 15:46:16 GMT',
26 silly registry.get     server: 'CouchDB/1.5.0 (Erlang OTP/R16B03)',
26 silly registry.get     etag: '"5MDPQRGMR2TYKZ3HL9JS1MZ1Z"',
26 silly registry.get     'content-type': 'application/json',
26 silly registry.get     'cache-control': 'max-age=60',
26 silly registry.get     'content-length': '2499',
26 silly registry.get     'accept-ranges': 'bytes',
26 silly registry.get     via: '1.1 varnish',
26 silly registry.get     age: '0',
26 silly registry.get     'x-served-by': 'cache-fra1229-FRA',
26 silly registry.get     'x-cache': 'MISS',
26 silly registry.get     'x-cache-hits': '0',
26 silly registry.get     'x-timer': 'S1418226376.706071,VS0,VE109',
26 silly registry.get     vary: 'Accept',
26 silly registry.get     'keep-alive': 'timeout=10, max=50',
26 silly registry.get     connection: 'Keep-Alive' } ]
27 silly addNameRange number 2 { name: 'watch-lessc', range: '*', hasData: true }
28 silly addNameRange versions [ 'watch-lessc', [ '0.0.1', '0.0.2' ] ]
29 verbose addNamed [ 'watch-lessc', '0.0.2' ]
30 verbose addNamed [ '0.0.2', '0.0.2' ]
31 silly lockFile 537ccfac-watch-lessc-0-0-2 watch-lessc@0.0.2
32 verbose lock watch-lessc@0.0.2 /Users/martin/.npm/537ccfac-watch-lessc-0-0-2.lock
33 silly lockFile 43397c53-atch-lessc-watch-lessc-0-0-2-tgz https://registry.npmjs.org/watch-lessc/-/watch-lessc-0.0.2.tgz
34 verbose lock https://registry.npmjs.org/watch-lessc/-/watch-lessc-0.0.2.tgz /Users/martin/.npm/43397c53-atch-lessc-watch-lessc-0-0-2-tgz.lock
35 verbose addRemoteTarball [ 'https://registry.npmjs.org/watch-lessc/-/watch-lessc-0.0.2.tgz',
35 verbose addRemoteTarball   '3e768c3e867ed37dec24ffe4f5f6a5b2f3dbb73a' ]
36 info retry fetch attempt 1 at 16:46:16
37 verbose fetch to= /var/folders/NN/NNnHv1RaEum9IIyuGkS+yU+++TI/-Tmp-/npm-19666-LTzHLdGe/registry.npmjs.org/watch-lessc/-/watch-lessc-0.0.2.tgz
38 http GET https://registry.npmjs.org/watch-lessc/-/watch-lessc-0.0.2.tgz
39 http 200 https://registry.npmjs.org/watch-lessc/-/watch-lessc-0.0.2.tgz
40 silly lockFile 43397c53-atch-lessc-watch-lessc-0-0-2-tgz https://registry.npmjs.org/watch-lessc/-/watch-lessc-0.0.2.tgz
41 silly lockFile 43397c53-atch-lessc-watch-lessc-0-0-2-tgz https://registry.npmjs.org/watch-lessc/-/watch-lessc-0.0.2.tgz
42 silly lockFile 537ccfac-watch-lessc-0-0-2 watch-lessc@0.0.2
43 silly lockFile 537ccfac-watch-lessc-0-0-2 watch-lessc@0.0.2
44 silly lockFile 281ce2a5-watch-lessc watch-lessc@
45 silly lockFile 281ce2a5-watch-lessc watch-lessc@
46 silly resolved [ { name: 'watch-lessc',
46 silly resolved     description: 'Watches your specified .less file and auto-compiles it to the specified .css file.',
46 silly resolved     readme: 'watch-lessc processes a single .less stylesheet into a .css file using the LESS CSS compiler whenever changes to the .less file are made.\n\n    watch-lessc --help\n\n',
46 silly resolved     version: '0.0.2',
46 silly resolved     keywords: [ 'css', 'less', 'lessc', 'watch' ],
46 silly resolved     repository: { type: 'git', url: 'https://github.com/jccovey/watch-lessc' },
46 silly resolved     bin: { 'watch-lessc': 'app.js' },
46 silly resolved     dependencies: { less: '>=1.1.1', optimist: '>=0.2.6 <0.3' },
46 silly resolved     engine: { node: '>=0.4.0' },
46 silly resolved     author: { name: 'John Covey', email: 'jccovey@gmail.com' },
46 silly resolved     license: 'BSD',
46 silly resolved     _id: 'watch-lessc@0.0.2',
46 silly resolved     dist:
46 silly resolved      { shasum: '3e768c3e867ed37dec24ffe4f5f6a5b2f3dbb73a',
46 silly resolved        tarball: 'http://registry.npmjs.org/watch-lessc/-/watch-lessc-0.0.2.tgz' },
46 silly resolved     maintainers: [ [Object] ],
46 silly resolved     directories: {},
46 silly resolved     _shasum: '3e768c3e867ed37dec24ffe4f5f6a5b2f3dbb73a',
46 silly resolved     _from: 'watch-lessc@',
46 silly resolved     _resolved: 'https://registry.npmjs.org/watch-lessc/-/watch-lessc-0.0.2.tgz' } ]
47 info install watch-lessc@0.0.2 into /usr/local/lib
48 info installOne watch-lessc@0.0.2
49 verbose lib/node_modules/watch-lessc unbuild
50 verbose tar unpack /Users/martin/.npm/watch-lessc/0.0.2/package.tgz
51 silly lockFile 3a5f3ac0-cal-lib-node-modules-watch-lessc tar:///usr/local/lib/node_modules/watch-lessc
52 verbose lock tar:///usr/local/lib/node_modules/watch-lessc /Users/martin/.npm/3a5f3ac0-cal-lib-node-modules-watch-lessc.lock
53 silly lockFile 64633376-pm-watch-lessc-0-0-2-package-tgz tar:///Users/martin/.npm/watch-lessc/0.0.2/package.tgz
54 verbose lock tar:///Users/martin/.npm/watch-lessc/0.0.2/package.tgz /Users/martin/.npm/64633376-pm-watch-lessc-0-0-2-package-tgz.lock
55 silly gunzTarPerm modes [ '755', '644' ]
56 error Error: EACCES, mkdir '/usr/local/lib/node_modules/watch-lessc'
56 error  { [Error: EACCES, mkdir '/usr/local/lib/node_modules/watch-lessc']
56 error   errno: 3,
56 error   code: 'EACCES',
56 error   path: '/usr/local/lib/node_modules/watch-lessc',
56 error   fstream_type: 'Directory',
56 error   fstream_path: '/usr/local/lib/node_modules/watch-lessc',
56 error   fstream_class: 'DirWriter',
56 error   fstream_stack:
56 error    [ '/usr/local/lib/node_modules/npm/node_modules/fstream/lib/dir-writer.js:36:23',
56 error      '/usr/local/lib/node_modules/npm/node_modules/mkdirp/index.js:46:53',
56 error      'Object.oncomplete (fs.js:107:15)' ] }
57 error Please try running this command again as root/Administrator.
58 error System Darwin 10.8.0
59 error command "node" "/usr/local/bin/npm" "install" "-g" "watch-lessc"
60 error cwd /Users/martin/Desktop/mdenavac.github.io/css
61 error node -v v0.10.33
62 error npm -v 1.4.28
63 error path /usr/local/lib/node_modules/watch-lessc
64 error fstream_path /usr/local/lib/node_modules/watch-lessc
65 error fstream_type Directory
66 error fstream_class DirWriter
67 error code EACCES
68 error errno 3
69 error stack Error: EACCES, mkdir '/usr/local/lib/node_modules/watch-lessc'
70 error fstream_stack /usr/local/lib/node_modules/npm/node_modules/fstream/lib/dir-writer.js:36:23
70 error fstream_stack /usr/local/lib/node_modules/npm/node_modules/mkdirp/index.js:46:53
70 error fstream_stack Object.oncomplete (fs.js:107:15)
71 verbose exit [ 3, true ]
